# JRE version: Java(TM) SE Runtime Environment (7.0_45-b18) (build 1.7.0_45-b18)
# Java VM: Java HotSpot(TM) 64-Bit Server VM (24.45-b08 mixed mode windows-amd64 compressed oops)
Heap
 PSYoungGen      total 446464K, used 192308K [0x00000007d5c80000, 0x00000007f2b00000, 0x0000000800000000)
  eden space 420352K, 42% used [0x00000007d5c80000,0x00000007e0a48ad8,0x00000007ef700000)
  from space 26112K, 54% used [0x00000007f1180000,0x00000007f1f84578,0x00000007f2b00000)
  to   space 26624K, 0% used [0x00000007ef700000,0x00000007ef700000,0x00000007f1100000)
 ParOldGen       total 86016K, used 42214K [0x0000000781600000, 0x0000000786a00000, 0x00000007d5c80000)
  object space 86016K, 49% used [0x0000000781600000,0x0000000783f39bd8,0x0000000786a00000)
 PSPermGen       total 53760K, used 53275K [0x000000077c400000, 0x000000077f880000, 0x0000000781600000)
  object space 53760K, 99% used [0x000000077c400000,0x000000077f806dc8,0x000000077f880000)
GC Heap History (10 events):
Event: 6.495 GC heap before
{Heap before GC invocations=6 (full 0):
 PSYoungGen      total 71680K, used 71676K [0x00000007d5c80000, 0x00000007df680000, 0x0000000800000000)
  eden space 66560K, 100% used [0x00000007d5c80000,0x00000007d9d80000,0x00000007d9d80000)
  from space 5120K, 99% used [0x00000007d9d80000,0x00000007da27f3c8,0x00000007da280000)
  to   space 12288K, 0% used [0x00000007dea80000,0x00000007dea80000,0x00000007df680000)
 ParOldGen       total 86016K, used 13515K [0x0000000781600000, 0x0000000786a00000, 0x00000007d5c80000)
  object space 86016K, 15% used [0x0000000781600000,0x0000000782332c80,0x0000000786a00000)
 PSPermGen       total 22528K, used 22058K [0x000000077c400000, 0x000000077da00000, 0x0000000781600000)
  object space 22528K, 97% used [0x000000077c400000,0x000000077d98ab90,0x000000077da00000)
Event: 6.508 GC heap after
Heap after GC invocations=6 (full 0):
 PSYoungGen      total 144384K, used 7638K [0x00000007d5c80000, 0x00000007df580000, 0x0000000800000000)
  eden space 133120K, 0% used [0x00000007d5c80000,0x00000007d5c80000,0x00000007dde80000)
  from space 11264K, 67% used [0x00000007dea80000,0x00000007df1f5b50,0x00000007df580000)
  to   space 11776K, 0% used [0x00000007dde80000,0x00000007dde80000,0x00000007dea00000)
 ParOldGen       total 86016K, used 13515K [0x0000000781600000, 0x0000000786a00000, 0x00000007d5c80000)
  object space 86016K, 15% used [0x0000000781600000,0x0000000782332c80,0x0000000786a00000)
 PSPermGen       total 22528K, used 22058K [0x000000077c400000, 0x000000077da00000, 0x0000000781600000)
  object space 22528K, 97% used [0x000000077c400000,0x000000077d98ab90,0x000000077da00000)
}
Event: 8.993 GC heap before
{Heap before GC invocations=7 (full 0):
 PSYoungGen      total 144384K, used 140758K [0x00000007d5c80000, 0x00000007df580000, 0x0000000800000000)
  eden space 133120K, 100% used [0x00000007d5c80000,0x00000007dde80000,0x00000007dde80000)
  from space 11264K, 67% used [0x00000007dea80000,0x00000007df1f5b50,0x00000007df580000)
  to   space 11776K, 0% used [0x00000007dde80000,0x00000007dde80000,0x00000007dea00000)
 ParOldGen       total 86016K, used 13515K [0x0000000781600000, 0x0000000786a00000, 0x00000007d5c80000)
  object space 86016K, 15% used [0x0000000781600000,0x0000000782332c80,0x0000000786a00000)
 PSPermGen       total 28160K, used 27684K [0x000000077c400000, 0x000000077df80000, 0x0000000781600000)
  object space 28160K, 98% used [0x000000077c400000,0x000000077df090e0,0x000000077df80000)
Event: 9.023 GC heap after
Heap after GC invocations=7 (full 0):
 PSYoungGen      total 144896K, used 11751K [0x00000007d5c80000, 0x00000007e7d80000, 0x0000000800000000)
  eden space 133120K, 0% used [0x00000007d5c80000,0x00000007d5c80000,0x00000007dde80000)
  from space 11776K, 99% used [0x00000007dde80000,0x00000007de9f9f30,0x00000007dea00000)
  to   space 14848K, 0% used [0x00000007e6f00000,0x00000007e6f00000,0x00000007e7d80000)
 ParOldGen       total 86016K, used 16239K [0x0000000781600000, 0x0000000786a00000, 0x00000007d5c80000)
  object space 86016K, 18% used [0x0000000781600000,0x00000007825dbe18,0x0000000786a00000)
 PSPermGen       total 28160K, used 27684K [0x000000077c400000, 0x000000077df80000, 0x0000000781600000)
  object space 28160K, 98% used [0x000000077c400000,0x000000077df090e0,0x000000077df80000)
}
Event: 10.851 GC heap before
{Heap before GC invocations=8 (full 0):
 PSYoungGen      total 144896K, used 144871K [0x00000007d5c80000, 0x00000007e7d80000, 0x0000000800000000)
  eden space 133120K, 100% used [0x00000007d5c80000,0x00000007dde80000,0x00000007dde80000)
  from space 11776K, 99% used [0x00000007dde80000,0x00000007de9f9f30,0x00000007dea00000)
  to   space 14848K, 0% used [0x00000007e6f00000,0x00000007e6f00000,0x00000007e7d80000)
 ParOldGen       total 86016K, used 16239K [0x0000000781600000, 0x0000000786a00000, 0x00000007d5c80000)
  object space 86016K, 18% used [0x0000000781600000,0x00000007825dbe18,0x0000000786a00000)
 PSPermGen       total 39936K, used 39582K [0x000000077c400000, 0x000000077eb00000, 0x0000000781600000)
  object space 39936K, 99% used [0x000000077c400000,0x000000077eaa7ad0,0x000000077eb00000)
Event: 10.875 GC heap after
Heap after GC invocations=8 (full 0):
 PSYoungGen      total 277504K, used 14828K [0x00000007d5c80000, 0x00000007e8480000, 0x0000000800000000)
  eden space 262656K, 0% used [0x00000007d5c80000,0x00000007d5c80000,0x00000007e5d00000)
  from space 14848K, 99% used [0x00000007e6f00000,0x00000007e7d7b258,0x00000007e7d80000)
  to   space 18432K, 0% used [0x00000007e5d00000,0x00000007e5d00000,0x00000007e6f00000)
 ParOldGen       total 86016K, used 20568K [0x0000000781600000, 0x0000000786a00000, 0x00000007d5c80000)
  object space 86016K, 23% used [0x0000000781600000,0x0000000782a163e0,0x0000000786a00000)
 PSPermGen       total 39936K, used 39582K [0x000000077c400000, 0x000000077eb00000, 0x0000000781600000)
  object space 39936K, 99% used [0x000000077c400000,0x000000077eaa7ad0,0x000000077eb00000)
}
Event: 13.722 GC heap before
{Heap before GC invocations=9 (full 0):
 PSYoungGen      total 277504K, used 277484K [0x00000007d5c80000, 0x00000007e8480000, 0x0000000800000000)
  eden space 262656K, 100% used [0x00000007d5c80000,0x00000007e5d00000,0x00000007e5d00000)
  from space 14848K, 99% used [0x00000007e6f00000,0x00000007e7d7b258,0x00000007e7d80000)
  to   space 18432K, 0% used [0x00000007e5d00000,0x00000007e5d00000,0x00000007e6f00000)
 ParOldGen       total 86016K, used 20568K [0x0000000781600000, 0x0000000786a00000, 0x00000007d5c80000)
  object space 86016K, 23% used [0x0000000781600000,0x0000000782a163e0,0x0000000786a00000)
 PSPermGen       total 48640K, used 48394K [0x000000077c400000, 0x000000077f380000, 0x0000000781600000)
  object space 48640K, 99% used [0x000000077c400000,0x000000077f342828,0x000000077f380000)
Event: 13.764 GC heap after
Heap after GC invocations=9 (full 0):
 PSYoungGen      total 281088K, used 18430K [0x00000007d5c80000, 0x00000007f2c00000, 0x0000000800000000)
  eden space 262656K, 0% used [0x00000007d5c80000,0x00000007d5c80000,0x00000007e5d00000)
  from space 18432K, 99% used [0x00000007e5d00000,0x00000007e6effb88,0x00000007e6f00000)
  to   space 27136K, 0% used [0x00000007f1180000,0x00000007f1180000,0x00000007f2c00000)
 ParOldGen       total 86016K, used 35875K [0x0000000781600000, 0x0000000786a00000, 0x00000007d5c80000)
  object space 86016K, 41% used [0x0000000781600000,0x0000000783908ea0,0x0000000786a00000)
 PSPermGen       total 48640K, used 48394K [0x000000077c400000, 0x000000077f380000, 0x0000000781600000)
  object space 48640K, 99% used [0x000000077c400000,0x000000077f342828,0x000000077f380000)
}
Event: 17.922 GC heap before
{Heap before GC invocations=10 (full 0):
 PSYoungGen      total 281088K, used 281086K [0x00000007d5c80000, 0x00000007f2c00000, 0x0000000800000000)
  eden space 262656K, 100% used [0x00000007d5c80000,0x00000007e5d00000,0x00000007e5d00000)
  from space 18432K, 99% used [0x00000007e5d00000,0x00000007e6effb88,0x00000007e6f00000)
  to   space 27136K, 0% used [0x00000007f1180000,0x00000007f1180000,0x00000007f2c00000)
 ParOldGen       total 86016K, used 35875K [0x0000000781600000, 0x0000000786a00000, 0x00000007d5c80000)
  object space 86016K, 41% used [0x0000000781600000,0x0000000783908ea0,0x0000000786a00000)
 PSPermGen       total 51712K, used 51376K [0x000000077c400000, 0x000000077f680000, 0x0000000781600000)
  object space 51712K, 99% used [0x000000077c400000,0x000000077f62c300,0x000000077f680000)
Event: 17.960 GC heap after
Heap after GC invocations=10 (full 0):
 PSYoungGen      total 446464K, used 14353K [0x00000007d5c80000, 0x00000007f2b00000, 0x0000000800000000)
  eden space 420352K, 0% used [0x00000007d5c80000,0x00000007d5c80000,0x00000007ef700000)
  from space 26112K, 54% used [0x00000007f1180000,0x00000007f1f84578,0x00000007f2b00000)
  to   space 26624K, 0% used [0x00000007ef700000,0x00000007ef700000,0x00000007f1100000)
 ParOldGen       total 86016K, used 42214K [0x0000000781600000, 0x0000000786a00000, 0x00000007d5c80000)
  object space 86016K, 49% used [0x0000000781600000,0x0000000783f39bd8,0x0000000786a00000)
 PSPermGen       total 51712K, used 51376K [0x000000077c400000, 0x000000077f680000, 0x0000000781600000)
  object space 51712K, 99% used [0x000000077c400000,0x000000077f62c300,0x000000077f680000)
}

